0 info it worked if it ends with ok
1 verbose cli [ '/usr/local/bin/node',
1 verbose cli   '/usr/local/bin/npm',
1 verbose cli   'run-script',
1 verbose cli   'document' ]
2 info using npm@3.10.3
3 info using node@v6.3.1
4 verbose run-script [ 'predocument', 'document', 'postdocument' ]
5 info lifecycle buzzer.click@0.0.1~predocument: buzzer.click@0.0.1
6 silly lifecycle buzzer.click@0.0.1~predocument: no script for predocument, continuing
7 info lifecycle buzzer.click@0.0.1~document: buzzer.click@0.0.1
8 verbose lifecycle buzzer.click@0.0.1~document: unsafe-perm in lifecycle true
9 verbose lifecycle buzzer.click@0.0.1~document: PATH: /usr/local/lib/node_modules/npm/bin/node-gyp-bin:/Users/nick/Documents/Uni/buzzer.click/node_modules/.bin:/usr/local/bin:/usr/local/bin:/usr/bin:/bin:/usr/sbin:/sbin:/opt/X11/bin
10 verbose lifecycle buzzer.click@0.0.1~document: CWD: /Users/nick/Documents/Uni/buzzer.click
11 silly lifecycle buzzer.click@0.0.1~document: Args: [ '-c',
11 silly lifecycle   'jsdoc lib/* -r -d ./Docs/Html && jsdoc2md lib/**/*.js > ./Docs/Docs.md' ]
12 silly lifecycle buzzer.click@0.0.1~document: Returned: code: 1  signal: null
13 info lifecycle buzzer.click@0.0.1~document: Failed to exec document script
14 verbose stack Error: buzzer.click@0.0.1 document: `jsdoc lib/* -r -d ./Docs/Html && jsdoc2md lib/**/*.js > ./Docs/Docs.md`
14 verbose stack Exit status 1
14 verbose stack     at EventEmitter.<anonymous> (/usr/local/lib/node_modules/npm/lib/utils/lifecycle.js:242:16)
14 verbose stack     at emitTwo (events.js:106:13)
14 verbose stack     at EventEmitter.emit (events.js:191:7)
14 verbose stack     at ChildProcess.<anonymous> (/usr/local/lib/node_modules/npm/lib/utils/spawn.js:40:14)
14 verbose stack     at emitTwo (events.js:106:13)
14 verbose stack     at ChildProcess.emit (events.js:191:7)
14 verbose stack     at maybeClose (internal/child_process.js:852:16)
14 verbose stack     at Process.ChildProcess._handle.onexit (internal/child_process.js:215:5)
15 verbose pkgid buzzer.click@0.0.1
16 verbose cwd /Users/nick/Documents/Uni/buzzer.click
17 error Darwin 15.6.0
18 error argv "/usr/local/bin/node" "/usr/local/bin/npm" "run-script" "document"
19 error node v6.3.1
20 error npm  v3.10.3
21 error code ELIFECYCLE
22 error buzzer.click@0.0.1 document: `jsdoc lib/* -r -d ./Docs/Html && jsdoc2md lib/**/*.js > ./Docs/Docs.md`
22 error Exit status 1
23 error Failed at the buzzer.click@0.0.1 document script 'jsdoc lib/* -r -d ./Docs/Html && jsdoc2md lib/**/*.js > ./Docs/Docs.md'.
23 error Make sure you have the latest version of node.js and npm installed.
23 error If you do, this is most likely a problem with the buzzer.click package,
23 error not with npm itself.
23 error Tell the author that this fails on your system:
23 error     jsdoc lib/* -r -d ./Docs/Html && jsdoc2md lib/**/*.js > ./Docs/Docs.md
23 error You can get information on how to open an issue for this project with:
23 error     npm bugs buzzer.click
23 error Or if that isn't available, you can get their info via:
23 error     npm owner ls buzzer.click
23 error There is likely additional logging output above.
24 verbose exit [ 1, true ]
